[debug] [2021-11-05T12:58:42.456Z] ----------------------------------------------------------------------
[debug] [2021-11-05T12:58:42.459Z] Command:       /home/naqvi/.nvm/versions/node/v14.17.0/bin/node /usr/local/bin/firebase init
[debug] [2021-11-05T12:58:42.459Z] CLI Version:   9.22.0
[debug] [2021-11-05T12:58:42.459Z] Platform:      linux
[debug] [2021-11-05T12:58:42.459Z] Node Version:  v14.17.0
[debug] [2021-11-05T12:58:42.460Z] Time:          Fri Nov 05 2021 13:58:42 GMT+0100 (Central European Standard Time)
[debug] [2021-11-05T12:58:42.460Z] ----------------------------------------------------------------------
[debug] 
[debug] [2021-11-05T12:58:42.462Z] >>> [apiv2][query] GET https://firebase-public.firebaseio.com/cli.json [none]
[debug] [2021-11-05T12:58:42.485Z] > command requires scopes: ["email","openid","https://www.googleapis.com/auth/cloudplatformprojects.readonly","https://www.googleapis.com/auth/firebase","https://www.googleapis.com/auth/cloud-platform"]
[debug] [2021-11-05T12:58:42.485Z] > authorizing via signed-in user (syed.naqvi@digitalcareerinstitute.org)
[info] 
     ######## #### ########  ######## ########     ###     ######  ########
     ##        ##  ##     ## ##       ##     ##  ##   ##  ##       ##
     ######    ##  ########  ######   ########  #########  ######  ######
     ##        ##  ##    ##  ##       ##     ## ##     ##       ## ##
     ##       #### ##     ## ######## ########  ##     ##  ######  ########

You're about to initialize a Firebase project in this directory:

  /home/naqvi/Desktop/firebase-deployment-app

[debug] [2021-11-05T12:58:42.979Z] <<< [apiv2][status] GET https://firebase-public.firebaseio.com/cli.json 200
[debug] [2021-11-05T12:58:42.979Z] <<< [apiv2][body] GET https://firebase-public.firebaseio.com/cli.json {"cloudBuildErrorAfter":1594252800000,"cloudBuildWarnAfter":1590019200000,"defaultNode10After":1594252800000,"minVersion":"3.0.5","node8DeploysDisabledAfter":1613390400000,"node8RuntimeDisabledAfter":1615809600000,"node8WarnAfter":1600128000000}
[info] 
=== Project Setup
[info] 
[info] First, let's associate this project directory with a Firebase project.
[info] You can create multiple project aliases by running firebase use --add, 
[info] but for now we'll just set up a default project.
[info] 
[debug] [2021-11-05T12:59:08.876Z] > refreshing access token with scopes: []
[debug] [2021-11-05T12:59:08.877Z] >>> HTTP REQUEST POST https://www.googleapis.com/oauth2/v3/token  
 <request body omitted>
[debug] [2021-11-05T12:59:09.067Z] <<< HTTP RESPONSE 200 {"cache-control":"no-cache, no-store, max-age=0, must-revalidate","date":"Fri, 05 Nov 2021 12:59:09 GMT","pragma":"no-cache","expires":"Mon, 01 Jan 1990 00:00:00 GMT","content-type":"application/json; charset=utf-8","vary":"X-Origin, Referer, Origin,Accept-Encoding","server":"scaffolding on HTTPServer2","x-xss-protection":"0","x-frame-options":"SAMEORIGIN","x-content-type-options":"nosniff","alt-svc":"h3=\":443\"; ma=2592000,h3-29=\":443\"; ma=2592000,h3-Q050=\":443\"; ma=2592000,h3-Q046=\":443\"; ma=2592000,h3-Q043=\":443\"; ma=2592000,quic=\":443\"; ma=2592000; v=\"46,43\"","accept-ranges":"none","transfer-encoding":"chunked"}
[debug] [2021-11-05T12:59:09.079Z] >>> [apiv2][query] GET https://firebase.googleapis.com/v1beta1/projects pageSize=100
[debug] [2021-11-05T12:59:09.693Z] <<< [apiv2][status] GET https://firebase.googleapis.com/v1beta1/projects 200
[debug] [2021-11-05T12:59:09.694Z] <<< [apiv2][body] GET https://firebase.googleapis.com/v1beta1/projects [omitted]
[info] i  Using project fir-deploy-30c9d (firebase-deploy) 
[info] 
=== Hosting:github Setup
[info] 
[info] i  Detected a .git folder at /home/naqvi/Desktop/firebase-deployment-app 
[info] i  Authorizing with GitHub to upload your service account to a GitHub repository's secrets store. 
[info] 
[info] Visit this URL on this device to log in:
[info] https://github.com/login/oauth/authorize?client_id=89cf50f02ac6aaed3484&state=597031658&redirect_uri=http%3A%2F%2Flocalhost%3A9005&scope=read%3Auser%20repo%20public_repo
[info] 
[info] Waiting for authentication...
[debug] [2021-11-05T12:59:18.114Z] >>> HTTP REQUEST POST https://github.com/login/oauth/access_token  
 {"client_id":"89cf50f02ac6aaed3484","client_secret":"3330d14abc895d9a74d5f17cd7a00711fa2c5bf0","code":"e23beb0ed58ab2206f96","redirect_uri":"http://localhost:9005","state":"597031658"}
[debug] [2021-11-05T12:59:18.449Z] <<< HTTP RESPONSE 200 {"server":"GitHub.com","date":"Fri, 05 Nov 2021 12:59:18 GMT","content-type":"application/json; charset=utf-8","transfer-encoding":"chunked","vary":"X-PJAX, X-PJAX-Container, Accept-Encoding, Accept, X-Requested-With","permissions-policy":"interest-cohort=()","etag":"W/\"8b50534b09179e729371a60f3452a2ee\"","cache-control":"max-age=0, private, must-revalidate","strict-transport-security":"max-age=31536000; includeSubdomains; preload","x-frame-options":"deny","x-content-type-options":"nosniff","x-xss-protection":"0","referrer-policy":"origin-when-cross-origin, strict-origin-when-cross-origin","expect-ct":"max-age=2592000, report-uri=\"https://api.github.com/_private/browser/errors\"","content-security-policy":"default-src 'none'; base-uri 'self'; block-all-mixed-content; child-src github.com/assets-cdn/worker/ gist.github.com/assets-cdn/worker/; connect-src 'self' uploads.github.com objects-origin.githubusercontent.com www.githubstatus.com collector.githubapp.com api.github.com github-cloud.s3.amazonaws.com github-production-repository-file-5c1aeb.s3.amazonaws.com github-production-upload-manifest-file-7fdce7.s3.amazonaws.com github-production-user-asset-6210df.s3.amazonaws.com cdn.optimizely.com logx.optimizely.com/v1/events translator.github.com wss://alive.github.com; font-src github.githubassets.com; form-action 'self' github.com gist.github.com objects-origin.githubusercontent.com; frame-ancestors 'none'; frame-src render.githubusercontent.com viewscreen.githubusercontent.com notebooks.githubusercontent.com; img-src 'self' data: github.githubassets.com identicons.github.com collector.githubapp.com github-cloud.s3.amazonaws.com secured-user-images.githubusercontent.com/ *.githubusercontent.com; manifest-src 'self'; media-src github.com user-images.githubusercontent.com/; script-src github.githubassets.com; style-src 'unsafe-inline' github.githubassets.com; worker-src github.com/assets-cdn/worker/ gist.github.com/assets-cdn/worker/","x-github-request-id":"C50C:7859:D1D832:F8B05F:61852AA6"}
[debug] [2021-11-05T12:59:18.457Z] >>> [apiv2][query] GET https://api.github.com/user [none]
[debug] [2021-11-05T12:59:18.825Z] <<< [apiv2][status] GET https://api.github.com/user 200
[debug] [2021-11-05T12:59:18.825Z] <<< [apiv2][body] GET https://api.github.com/user {"login":"nrcool","id":44436701,"node_id":"MDQ6VXNlcjQ0NDM2NzAx","avatar_url":"https://avatars.githubusercontent.com/u/44436701?v=4","gravatar_id":"","url":"https://api.github.com/users/nrcool","html_url":"https://github.com/nrcool","followers_url":"https://api.github.com/users/nrcool/followers","following_url":"https://api.github.com/users/nrcool/following{/other_user}","gists_url":"https://api.github.com/users/nrcool/gists{/gist_id}","starred_url":"https://api.github.com/users/nrcool/starred{/owner}{/repo}","subscriptions_url":"https://api.github.com/users/nrcool/subscriptions","organizations_url":"https://api.github.com/users/nrcool/orgs","repos_url":"https://api.github.com/users/nrcool/repos","events_url":"https://api.github.com/users/nrcool/events{/privacy}","received_events_url":"https://api.github.com/users/nrcool/received_events","type":"User","site_admin":false,"name":"Naqvi","company":null,"blog":"","location":null,"email":null,"hireable":null,"bio":"NAQVI","twitter_username":null,"public_repos":85,"public_gists":0,"followers":35,"following":12,"created_at":"2018-10-24T12:55:39Z","updated_at":"2021-09-14T13:55:31Z","private_gists":0,"total_private_repos":15,"owned_private_repos":15,"disk_usage":1637848,"collaborators":10,"two_factor_authentication":false,"plan":{"name":"free","space":976562499,"collaborators":0,"private_repos":10000}}
[info] 
[info] ✔  Success! Logged into GitHub as nrcool 
[info] 
[debug] [2021-11-05T13:00:01.912Z] >>> [apiv2][query] GET https://api.github.com/repos/nrcool/firebase-deployment/actions/secrets/public-key type=owner
[debug] [2021-11-05T13:00:02.161Z] <<< [apiv2][status] GET https://api.github.com/repos/nrcool/firebase-deployment/actions/secrets/public-key 404
[debug] [2021-11-05T13:00:02.161Z] <<< [apiv2][body] GET https://api.github.com/repos/nrcool/firebase-deployment/actions/secrets/public-key {"message":"Not Found","documentation_url":"https://docs.github.com/rest/reference/actions#get-a-repository-public-key"}
